Billing for clients on file LawnCare.txt
Davis Allan James
223 Red Wing Terrace
Altamont WY 67606

Number of jobs: 5
Job 1: 1 hours and 45 minutes 
Job 2: 2 hours and 0 minutes 
Job 3: 0 hours and 30 minutes 
Job 4: 1 hours and 30 minutes 
Job 5: 2 hours and 50 minutes 
Amount of bill: € 300.42

Soucy Steven Carl
12 Wildblossom Court
Englebrook WY 67628

Number of jobs: 1
Job 1: 8 hours and 45 minutes 
Amount of bill: € 306.25

Castor Julia Maude
18472 East Main Street
Egremont WY 67624

Number of jobs: 4
Job 1: 1 hours and 30 minutes 
Job 2: 1 hours and 30 minutes 
Job 3: 1 hours and 30 minutes 
Job 4: 1 hours and 30 minutes 
Amount of bill: € 210.00

Marengoni Christina Louise
25 Pomegranate Loop
Egremont WY 67624

Number of jobs: 0
Amount of bill: € 0.00

